<?xml version="1.0" encoding="utf-8"?><testsuites name="pytest tests"><testsuite name="pytest" errors="0" failures="0" skipped="0" tests="46" time="24.310" timestamp="2026-09-09T08:06:05.265203+05:30" hostname="Dhruvas-MacBook-Pro.local"><testcase classname="tests.test_affine_factor_assessment" name="test_spawned_assessment_preserves_serial_results[constraints0]" time="6.041" /><testcase classname="tests.test_affine_factor_assessment" name="test_spawned_assessment_preserves_serial_results[constraints1]" time="5.026" /><testcase classname="tests.test_affine_factor_calibration" name="test_neural_fit_is_heldout_blind_and_has_no_exact_pricer[AffineFactorPINN]" time="0.168" /><testcase classname="tests.test_affine_factor_calibration" name="test_neural_fit_is_heldout_blind_and_has_no_exact_pricer[IntegratedFactorPINN]" time="0.422" /><testcase classname="tests.test_affine_factor_calibration" name="test_neural_fit_is_heldout_blind_and_has_no_exact_pricer[ConjugateFactorPINN]" time="0.432" /><testcase classname="tests.test_affine_factor_calibration" name="test_neural_fit_is_heldout_blind_and_has_no_exact_pricer[MomentFactorPINN]" time="0.412" /><testcase classname="tests.test_affine_factor_calibration" name="test_neural_fit_is_heldout_blind_and_has_no_exact_pricer[TwoMomentFactorPINN]" time="0.577" /><testcase classname="tests.test_affine_factor_lbfgs" name="test_float64_fixed_loss_gradient_and_chunk_invariance[AffineFactorPINN]" time="0.142" /><testcase classname="tests.test_affine_factor_lbfgs" name="test_float64_fixed_loss_gradient_and_chunk_invariance[IntegratedFactorPINN]" time="0.623" /><testcase classname="tests.test_affine_factor_lbfgs" name="test_float64_fixed_loss_gradient_and_chunk_invariance[ConjugateFactorPINN]" time="0.704" /><testcase classname="tests.test_affine_factor_lbfgs" name="test_float64_fixed_loss_gradient_and_chunk_invariance[MomentFactorPINN]" time="0.681" /><testcase classname="tests.test_affine_factor_lbfgs" name="test_float64_fixed_loss_gradient_and_chunk_invariance[TwoMomentFactorPINN]" time="1.067" /><testcase classname="tests.test_affine_factor_pinn" name="test_reference_matches_existing_cf_and_riccati" time="0.011" /><testcase classname="tests.test_affine_factor_pinn" name="test_exact_initial_martingale_and_deterministic_limits[AffineFactorPINN]" time="0.007" /><testcase classname="tests.test_affine_factor_pinn" name="test_exact_initial_martingale_and_deterministic_limits[IntegratedFactorPINN]" time="0.034" /><testcase classname="tests.test_affine_factor_pinn" name="test_exact_initial_martingale_and_deterministic_limits[ConjugateFactorPINN]" time="0.036" /><testcase classname="tests.test_affine_factor_pinn" name="test_exact_initial_martingale_and_deterministic_limits[MomentFactorPINN]" time="0.037" /><testcase classname="tests.test_affine_factor_pinn" name="test_exact_initial_martingale_and_deterministic_limits[TwoMomentFactorPINN]" time="0.050" /><testcase classname="tests.test_affine_factor_pinn" name="test_neural_physics_gradients_and_no_reference_in_forward[AffineFactorPINN]" time="0.016" /><testcase classname="tests.test_affine_factor_pinn" name="test_neural_physics_gradients_and_no_reference_in_forward[IntegratedFactorPINN]" time="0.060" /><testcase classname="tests.test_affine_factor_pinn" name="test_neural_physics_gradients_and_no_reference_in_forward[ConjugateFactorPINN]" time="0.072" /><testcase classname="tests.test_affine_factor_pinn" name="test_neural_physics_gradients_and_no_reference_in_forward[MomentFactorPINN]" time="0.065" /><testcase classname="tests.test_affine_factor_pinn" name="test_neural_physics_gradients_and_no_reference_in_forward[TwoMomentFactorPINN]" time="0.093" /><testcase classname="tests.test_affine_factor_pricing" name="test_integral_with_reference_coefficients_matches_canonical_engine" time="0.004" /><testcase classname="tests.test_affine_factor_pricing" name="test_neural_deterministic_limit_and_forward_parameter_jacobian" time="0.043" /><testcase classname="tests.test_affine_factor_report" name="test_training_audit_rejects_relabelled_overlapping_splits" time="0.012" /><testcase classname="tests.test_conjugate_factor_pinn" name="test_coefficient_conjugacy_matches_reference_riccati_equation" time="0.010" /><testcase classname="tests.test_conjugate_factor_pinn" name="test_neural_conjugacy_is_exact_and_parameter_gradients_survive[ConjugateFactorPINN]" time="0.330" /><testcase classname="tests.test_conjugate_factor_pinn" name="test_neural_conjugacy_is_exact_and_parameter_gradients_survive[MomentFactorPINN]" time="0.331" /><testcase classname="tests.test_conjugate_factor_pinn" name="test_neural_conjugacy_is_exact_and_parameter_gradients_survive[TwoMomentFactorPINN]" time="0.498" /><testcase classname="tests.test_integrated_factor_pinn" name="test_primitive_identity_physics_and_nested_parameter_jacobian" time="0.143" /><testcase classname="tests.test_integrated_factor_pinn" name="test_primitive_warm_start_and_reference_feature_conversion" time="0.017" /><testcase classname="tests.test_moment_factor_pinn" name="test_expected_integrated_variance_is_exact_for_arbitrary_neural_weights[MomentFactorPINN]" time="0.121" /><testcase classname="tests.test_moment_factor_pinn" name="test_expected_integrated_variance_is_exact_for_arbitrary_neural_weights[TwoMomentFactorPINN]" time="0.165" /><testcase classname="tests.test_two_moment_factor_pinn" name="test_second_cumulant_is_independent_of_neural_weights" time="0.227" /><testcase classname="tests.test_regular_pinn_assessment_filters" name="test_condition_filters_preserve_seeded_truth_observations_and_development_label" time="0.179" /><testcase classname="tests.test_regular_pinn_lbfgs" name="test_frozen_objective_gradient_and_chunk_independence" time="0.805" /><testcase classname="tests.test_regular_pinn_lbfgs_jacobian" name="test_training_transform_and_rank_projector_identities" time="0.032" /><testcase classname="tests.test_regular_pinn_lbfgs_jacobian" name="test_neural_jacobian_holds_geometry_fixed" time="0.018" /><testcase classname="tests.test_regular_pinn_lbfgs_jacobian" name="test_compiled_loss_gradient_chunks_and_frozen_coefficient" time="0.906" /><testcase classname="tests.test_regular_pinn_lbfgs_report" name="test_iteration_zero_uses_its_checkpoint_and_effective_lbfgs_metadata" time="0.008" /><testcase classname="tests.test_regular_pinn_lbfgs_surfaces" name="test_quadratic_surface_chunk_gradient_and_frozen_coefficient" time="0.668" /><testcase classname="tests.test_regular_pinn_lbfgs_surfaces" name="test_zero_share_is_price_control_and_unusable_rows_stay_excluded" time="0.335" /><testcase classname="tests.test_regular_pinn_lbfgs_surfaces" name="test_stable_error_matches_backbone_identity_and_retains_small_errors" time="0.002" /><testcase classname="tests.test_regular_pinn_lbfgs_surfaces" name="test_invalid_bias_share_rejected[-1.0]" time="0.002" /><testcase classname="tests.test_regular_pinn_lbfgs_surfaces" name="test_invalid_bias_share_rejected[nan]" time="0.002" /></testsuite></testsuites>