<?xml version="1.0" encoding="utf-8"?><testsuites name="pytest tests"><testsuite name="pytest" errors="0" failures="0" skipped="0" tests="73" time="23.006" timestamp="2026-09-09T13:29:43.024038+05:30" hostname="Dhruvas-MacBook-Pro.local"><testcase classname="tests.test_regular_pinn" name="test_zero_vol_of_vol_backbone_solves_pde[1]" time="0.054" /><testcase classname="tests.test_regular_pinn" name="test_zero_vol_of_vol_backbone_solves_pde[2]" time="0.044" /><testcase classname="tests.test_regular_pinn" name="test_transformed_pde_matches_independent_black_price_derivatives[1]" time="0.056" /><testcase classname="tests.test_regular_pinn" name="test_transformed_pde_matches_independent_black_price_derivatives[2]" time="0.092" /><testcase classname="tests.test_regular_pinn" name="test_second_state_derivatives_allow_finite_nonzero_training_gradients" time="0.071" /><testcase classname="tests.test_regular_pinn" name="test_exact_terminal_payoff_and_pointwise_parameter_derivatives" time="0.027" /><testcase classname="tests.test_regular_pinn" name="test_compiled_double_pde_gradient_matches_eager" time="0.328" /><testcase classname="tests.test_regular_pinn_assessment_filters" name="test_condition_filters_preserve_seeded_truth_observations_and_development_label" time="0.146" /><testcase classname="tests.test_regular_pinn_calibration" name="test_holdout_values_never_enter_calibration" time="0.204" /><testcase classname="tests.test_regular_pinn_calibration" name="test_fitting_never_calls_fourier_pricer" time="0.051" /><testcase classname="tests.test_regular_pinn_calibration" name="test_invalid_calibration_quote_is_rejected" time="0.008" /><testcase classname="tests.test_regular_pinn_calibration" name="test_failed_starts_are_retained_and_frozen_weights_do_not_change" time="0.011" /><testcase classname="tests.test_regular_pinn_calibration" name="test_failed_recovery_validation_is_scored_as_failure" time="0.001" /><testcase classname="tests.test_regular_pinn_calibration" name="test_float64_parameter_jacobian_matches_difference_and_scoring" time="0.045" /><testcase classname="tests.test_regular_pinn_calibration" name="test_price_gate_depends_on_heldout_error" time="0.001" /><testcase classname="tests.test_regular_pinn_calibration" name="test_compiled_training_step_supports_nested_pde_and_parameter_derivatives" time="0.329" /><testcase classname="tests.test_regular_pinn_data" name="test_implicit_iv_parameter_derivative_matches_reference_difference" time="0.033" /><testcase classname="tests.test_regular_pinn_data" name="test_float64_copy_has_same_prices_and_correct_parameter_jacobian" time="0.014" /><testcase classname="tests.test_regular_pinn_lbfgs" name="test_frozen_objective_gradient_and_chunk_independence" time="0.545" /><testcase classname="tests.test_regular_pinn_lbfgs_jacobian" name="test_training_transform_and_rank_projector_identities" time="0.021" /><testcase classname="tests.test_regular_pinn_lbfgs_jacobian" name="test_neural_jacobian_holds_geometry_fixed" time="0.014" /><testcase classname="tests.test_regular_pinn_lbfgs_jacobian" name="test_compiled_loss_gradient_chunks_and_frozen_coefficient" time="1.058" /><testcase classname="tests.test_regular_pinn_lbfgs_report" name="test_iteration_zero_uses_its_checkpoint_and_effective_lbfgs_metadata" time="0.006" /><testcase classname="tests.test_regular_pinn_lbfgs_surfaces" name="test_quadratic_surface_chunk_gradient_and_frozen_coefficient" time="0.758" /><testcase classname="tests.test_regular_pinn_lbfgs_surfaces" name="test_zero_share_is_price_control_and_unusable_rows_stay_excluded" time="0.471" /><testcase classname="tests.test_regular_pinn_lbfgs_surfaces" name="test_stable_error_matches_backbone_identity_and_retains_small_errors" time="0.003" /><testcase classname="tests.test_regular_pinn_lbfgs_surfaces" name="test_invalid_bias_share_rejected[-1.0]" time="0.002" /><testcase classname="tests.test_regular_pinn_lbfgs_surfaces" name="test_invalid_bias_share_rejected[nan]" time="0.002" /><testcase classname="tests.test_regular_pinn_physics_diagnostic" name="test_diagnostic_is_chunk_independent_and_reports_failures" time="0.200" /><testcase classname="tests.test_regular_pinn_surfaces" name="test_tolerance_coordinate_inverse_and_sensitivity_target" time="0.046" /><testcase classname="tests.test_regular_pinn_torch_physics" name="test_transformed_residual_matches_raw_black_price_pde[1]" time="0.687" /><testcase classname="tests.test_regular_pinn_torch_physics" name="test_transformed_residual_matches_raw_black_price_pde[2]" time="0.022" /><testcase classname="tests.test_regular_pinn_torch_physics" name="test_zero_vol_of_vol_limit_and_terminal_payoff[1]" time="0.005" /><testcase classname="tests.test_regular_pinn_torch_physics" name="test_zero_vol_of_vol_limit_and_terminal_payoff[2]" time="0.011" /><testcase classname="tests.test_regular_pinn_torch_physics" name="test_pde_loss_backpropagates_to_weights_and_matches_finite_difference" time="0.040" /><testcase classname="tests.test_regular_pinn_torch_physics" name="test_residual_parity_with_mlx_and_frozen_weight_copy" time="0.055" /><testcase classname="tests.test_affine_factor_assessment" name="test_spawned_assessment_preserves_serial_results[constraints0]" time="4.580" /><testcase classname="tests.test_affine_factor_assessment" name="test_spawned_assessment_preserves_serial_results[constraints1]" time="4.018" /><testcase classname="tests.test_affine_factor_calibration" name="test_neural_fit_is_heldout_blind_and_has_no_exact_pricer[AffineFactorPINN]" time="0.154" /><testcase classname="tests.test_affine_factor_calibration" name="test_neural_fit_is_heldout_blind_and_has_no_exact_pricer[IntegratedFactorPINN]" time="0.388" /><testcase classname="tests.test_affine_factor_calibration" name="test_neural_fit_is_heldout_blind_and_has_no_exact_pricer[ConjugateFactorPINN]" time="0.383" /><testcase classname="tests.test_affine_factor_calibration" name="test_neural_fit_is_heldout_blind_and_has_no_exact_pricer[MomentFactorPINN]" time="0.365" /><testcase classname="tests.test_affine_factor_calibration" name="test_neural_fit_is_heldout_blind_and_has_no_exact_pricer[TwoMomentFactorPINN]" time="0.556" /><testcase classname="tests.test_affine_factor_lbfgs" name="test_float64_fixed_loss_gradient_and_chunk_invariance[AffineFactorPINN]" time="0.116" /><testcase classname="tests.test_affine_factor_lbfgs" name="test_float64_fixed_loss_gradient_and_chunk_invariance[IntegratedFactorPINN]" time="0.523" /><testcase classname="tests.test_affine_factor_lbfgs" name="test_float64_fixed_loss_gradient_and_chunk_invariance[ConjugateFactorPINN]" time="0.551" /><testcase classname="tests.test_affine_factor_lbfgs" name="test_float64_fixed_loss_gradient_and_chunk_invariance[MomentFactorPINN]" time="0.561" /><testcase classname="tests.test_affine_factor_lbfgs" name="test_float64_fixed_loss_gradient_and_chunk_invariance[TwoMomentFactorPINN]" time="0.833" /><testcase classname="tests.test_affine_factor_pinn" name="test_reference_matches_existing_cf_and_riccati" time="0.010" /><testcase classname="tests.test_affine_factor_pinn" name="test_exact_initial_martingale_and_deterministic_limits[AffineFactorPINN]" time="0.006" /><testcase classname="tests.test_affine_factor_pinn" name="test_exact_initial_martingale_and_deterministic_limits[IntegratedFactorPINN]" time="0.021" /><testcase classname="tests.test_affine_factor_pinn" name="test_exact_initial_martingale_and_deterministic_limits[ConjugateFactorPINN]" time="0.026" /><testcase classname="tests.test_affine_factor_pinn" name="test_exact_initial_martingale_and_deterministic_limits[MomentFactorPINN]" time="0.023" /><testcase classname="tests.test_affine_factor_pinn" name="test_exact_initial_martingale_and_deterministic_limits[TwoMomentFactorPINN]" time="0.036" /><testcase classname="tests.test_affine_factor_pinn" name="test_neural_physics_gradients_and_no_reference_in_forward[AffineFactorPINN]" time="0.015" /><testcase classname="tests.test_affine_factor_pinn" name="test_neural_physics_gradients_and_no_reference_in_forward[IntegratedFactorPINN]" time="0.061" /><testcase classname="tests.test_affine_factor_pinn" name="test_neural_physics_gradients_and_no_reference_in_forward[ConjugateFactorPINN]" time="0.067" /><testcase classname="tests.test_affine_factor_pinn" name="test_neural_physics_gradients_and_no_reference_in_forward[MomentFactorPINN]" time="0.052" /><testcase classname="tests.test_affine_factor_pinn" name="test_neural_physics_gradients_and_no_reference_in_forward[TwoMomentFactorPINN]" time="0.076" /><testcase classname="tests.test_affine_factor_pricing" name="test_integral_with_reference_coefficients_matches_canonical_engine" time="0.002" /><testcase classname="tests.test_affine_factor_pricing" name="test_neural_deterministic_limit_and_forward_parameter_jacobian" time="0.047" /><testcase classname="tests.test_affine_factor_report" name="test_training_audit_rejects_relabelled_overlapping_splits[validation_coefficient_rmse]" time="0.011" /><testcase classname="tests.test_affine_factor_report" name="test_training_audit_rejects_relabelled_overlapping_splits[validation_vega_price_rmse]" time="0.009" /><testcase classname="tests.test_conjugate_factor_pinn" name="test_coefficient_conjugacy_matches_reference_riccati_equation" time="0.008" /><testcase classname="tests.test_conjugate_factor_pinn" name="test_neural_conjugacy_is_exact_and_parameter_gradients_survive[ConjugateFactorPINN]" time="0.271" /><testcase classname="tests.test_conjugate_factor_pinn" name="test_neural_conjugacy_is_exact_and_parameter_gradients_survive[MomentFactorPINN]" time="0.304" /><testcase classname="tests.test_conjugate_factor_pinn" name="test_neural_conjugacy_is_exact_and_parameter_gradients_survive[TwoMomentFactorPINN]" time="0.404" /><testcase classname="tests.test_integrated_factor_pinn" name="test_primitive_identity_physics_and_nested_parameter_jacobian" time="0.110" /><testcase classname="tests.test_integrated_factor_pinn" name="test_primitive_warm_start_and_reference_feature_conversion" time="0.012" /><testcase classname="tests.test_moment_factor_pinn" name="test_expected_integrated_variance_is_exact_for_arbitrary_neural_weights[MomentFactorPINN]" time="0.097" /><testcase classname="tests.test_moment_factor_pinn" name="test_expected_integrated_variance_is_exact_for_arbitrary_neural_weights[TwoMomentFactorPINN]" time="0.130" /><testcase classname="tests.test_two_moment_factor_pinn" name="test_second_cumulant_is_independent_of_neural_weights" time="0.221" /><testcase classname="tests.test_factor_price_training" name="test_price_weight_gradient_and_reserved_surface_isolation" time="0.102" /></testsuite></testsuites>